Start testing: Oct 29 17:15 +07
----------------------------------------------------------
1/3 Testing: LifeTest.initGrid
1/3 Test: LifeTest.initGrid
Command: "/home/p1xta/OOP/game_of_life/build/tests/life_test" "--gtest_filter=LifeTest.initGrid" "--gtest_also_run_disabled_tests"
Directory: /home/p1xta/OOP/game_of_life/build/tests
"LifeTest.initGrid" start time: Oct 29 17:15 +07
Output:
----------------------------------------------------------
Running main() from /home/p1xta/OOP/googletest/googletest/src/gtest_main.cc
Note: Google Test filter = LifeTest.initGrid
[==========] Running 1 test from 1 test suite.
[----------] Global test environment set-up.
[----------] 1 test from LifeTest
[ RUN      ] LifeTest.initGrid
[       OK ] LifeTest.initGrid (0 ms)
[----------] 1 test from LifeTest (0 ms total)

[----------] Global test environment tear-down
[==========] 1 test from 1 test suite ran. (0 ms total)
[  PASSED  ] 1 test.
<end of output>
Test time =   0.00 sec
----------------------------------------------------------
Test Passed.
"LifeTest.initGrid" end time: Oct 29 17:15 +07
"LifeTest.initGrid" time elapsed: 00:00:00
----------------------------------------------------------

2/3 Testing: LifeTest.CellsMovement
2/3 Test: LifeTest.CellsMovement
Command: "/home/p1xta/OOP/game_of_life/build/tests/life_test" "--gtest_filter=LifeTest.CellsMovement" "--gtest_also_run_disabled_tests"
Directory: /home/p1xta/OOP/game_of_life/build/tests
"LifeTest.CellsMovement" start time: Oct 29 17:15 +07
Output:
----------------------------------------------------------
Running main() from /home/p1xta/OOP/googletest/googletest/src/gtest_main.cc
Note: Google Test filter = LifeTest.CellsMovement
[==========] Running 1 test from 1 test suite.
[----------] Global test environment set-up.
[----------] 1 test from LifeTest
[ RUN      ] LifeTest.CellsMovement
[       OK ] LifeTest.CellsMovement (0 ms)
[----------] 1 test from LifeTest (1 ms total)

[----------] Global test environment tear-down
[==========] 1 test from 1 test suite ran. (1 ms total)
[  PASSED  ] 1 test.
<end of output>
Test time =   0.00 sec
----------------------------------------------------------
Test Passed.
"LifeTest.CellsMovement" end time: Oct 29 17:15 +07
"LifeTest.CellsMovement" time elapsed: 00:00:00
----------------------------------------------------------

3/3 Testing: LifeTest.ParseFile
3/3 Test: LifeTest.ParseFile
Command: "/home/p1xta/OOP/game_of_life/build/tests/life_test" "--gtest_filter=LifeTest.ParseFile" "--gtest_also_run_disabled_tests"
Directory: /home/p1xta/OOP/game_of_life/build/tests
"LifeTest.ParseFile" start time: Oct 29 17:15 +07
Output:
----------------------------------------------------------
Running main() from /home/p1xta/OOP/googletest/googletest/src/gtest_main.cc
Note: Google Test filter = LifeTest.ParseFile
[==========] Running 1 test from 1 test suite.
[----------] Global test environment set-up.
[----------] 1 test from LifeTest
[ RUN      ] LifeTest.ParseFile
[       OK ] LifeTest.ParseFile (0 ms)
[----------] 1 test from LifeTest (0 ms total)

[----------] Global test environment tear-down
[==========] 1 test from 1 test suite ran. (0 ms total)
[  PASSED  ] 1 test.
<end of output>
Test time =   0.00 sec
----------------------------------------------------------
Test Passed.
"LifeTest.ParseFile" end time: Oct 29 17:15 +07
"LifeTest.ParseFile" time elapsed: 00:00:00
----------------------------------------------------------

End testing: Oct 29 17:15 +07
